# Nmap 7.80 scan initiated Thu Apr  8 23:42:53 2021 as: nmap -sC -sV -v -oN nmap/nmap.out 10.10.10.220
Nmap scan report for 10.10.10.220
Host is up (0.082s latency).
Not shown: 998 closed ports
PORT     STATE SERVICE VERSION
22/tcp   open  ssh     OpenSSH 8.2p1 Ubuntu 4 (Ubuntu Linux; protocol 2.0)
5080/tcp open  http    nginx
|_http-favicon: Unknown favicon MD5: F7E3D97F404E71D302B3239EEF48D5F2
| http-methods: 
|_  Supported Methods: GET HEAD POST OPTIONS
| http-robots.txt: 53 disallowed entries (15 shown)
| / /autocomplete/users /search /api /admin /profile 
| /dashboard /projects/new /groups/new /groups/*/edit /users /help 
|_/s/ /snippets/new /snippets/*/edit
| http-title: Sign in \xC2\xB7 GitLab
|_Requested resource was http://10.10.10.220:5080/users/sign_in
|_http-trane-info: Problem with XML parsing of /evox/about
Service Info: OS: Linux; CPE: cpe:/o:linux:linux_kernel

Read data files from: /usr/bin/../share/nmap
Service detection performed. Please report any incorrect results at https://nmap.org/submit/ .
# Nmap done at Thu Apr  8 23:43:12 2021 -- 1 IP address (1 host up) scanned in 19.12 seconds
