time,user,fileID
1622482496,m4lwhere,4
1622485614,m4lwhere,4
1622486215,m4lwhere,4
1622486218,m4lwhere,1
1622486221,m4lwhere,1
1622678056,m4lwhere,5
1622678059,m4lwhere,6
1622679247,m4lwhere,1
1622680894,m4lwhere,5
1622708567,m4lwhere,4
1622708573,m4lwhere,4
1622708579,m4lwhere,5
1622710159,m4lwhere,4
1622712633,m4lwhere,4
1622715674,m4lwhere,24
1622715842,m4lwhere,23
1623197471,m4lwhere,25
1623200269,m4lwhere,25
1623236411,m4lwhere,23
1623236571,m4lwhere,26
1623238675,m4lwhere,23
1623238684,m4lwhere,23
1623978778,m4lwhere,32
1629100872,guannan,32
1629101042,falcon,32
1629101153,guannan,32
1629101174,guannan,1
1629101253,guannan,1
1629101262,guannan,2
1629101295,guannan,1
1629101301,guannan,2
1629101306,guannan,31
1629101311,guannan,0
1629101813,guannan,33
1629101820,guannan,330
1629101824,guannan,22
1629102795,guannan,33
1629103082,guannan,34
1629113046,admin,32
1629113609,admin,40
